TN:
SF:src/App.ts
FN:17,(anonymous_1)
FN:25,(anonymous_2)
FN:27,(anonymous_3)
FN:32,(anonymous_4)
FNF:4
FNH:4
FNDA:1,(anonymous_1)
FNDA:1,(anonymous_2)
FNDA:1,(anonymous_3)
FNDA:1,(anonymous_4)
DA:1,1
DA:3,1
DA:4,1
DA:5,1
DA:6,1
DA:7,1
DA:8,1
DA:9,1
DA:10,1
DA:12,1
DA:18,1
DA:19,1
DA:20,1
DA:21,1
DA:22,1
DA:26,1
DA:27,1
DA:28,1
DA:33,1
DA:34,1
DA:35,1
DA:36,1
DA:37,1
LF:23
LH:23
BRF:0
BRH:0
end_of_record
TN:
SF:src/global.ts
FN:9,(anonymous_0)
FNF:1
FNH:1
FNDA:1,(anonymous_0)
DA:9,1
DA:10,1
LF:2
LH:2
BRF:0
BRH:0
end_of_record
TN:
SF:src/routes.ts
FN:8,routes
FNF:1
FNH:1
FNDA:1,routes
DA:1,1
DA:2,1
DA:8,1
DA:9,1
DA:11,1
DA:12,1
DA:13,1
LF:7
LH:7
BRF:0
BRH:0
end_of_record
TN:
SF:src/abstractions/ApiError.ts
FN:19,(anonymous_0)
FNF:1
FNH:1
FNDA:1,(anonymous_0)
DA:13,1
DA:15,1
DA:20,1
DA:21,1
DA:22,1
DA:23,1
DA:27,2
LF:7
LH:7
BRDA:19,0,0,1
BRF:1
BRH:1
end_of_record
TN:
SF:src/components/BaseApi.ts
FN:12,(anonymous_1)
FN:23,(anonymous_2)
FNF:2
FNH:2
FNDA:1,(anonymous_1)
FNDA:4,(anonymous_2)
DA:1,1
DA:2,1
DA:3,1
DA:4,1
DA:9,1
DA:13,1
DA:24,4
DA:25,4
DA:26,4
DA:30,4
DA:32,4
DA:33,0
DA:35,4
LF:13
LH:12
BRDA:23,0,0,4
BRDA:26,1,0,4
BRDA:27,2,0,4
BRDA:27,2,1,4
BRDA:32,3,0,0
BRF:5
BRH:4
end_of_record
TN:
SF:src/components/task/task.controller.ts
FN:14,(anonymous_1)
FN:19,(anonymous_2)
FN:34,(anonymous_3)
FN:55,(anonymous_4)
FN:76,(anonymous_5)
FN:98,(anonymous_6)
FN:119,(anonymous_7)
FNF:7
FNH:6
FNDA:1,(anonymous_1)
FNDA:1,(anonymous_2)
FNDA:1,(anonymous_3)
FNDA:1,(anonymous_4)
FNDA:1,(anonymous_5)
FNDA:1,(anonymous_6)
FNDA:0,(anonymous_7)
DA:3,1
DA:4,1
DA:5,1
DA:11,1
DA:15,1
DA:16,1
DA:20,1
DA:21,1
DA:22,1
DA:23,1
DA:24,1
DA:25,1
DA:39,1
DA:40,1
DA:41,1
DA:42,1
DA:43,1
DA:45,0
DA:60,1
DA:61,1
DA:62,1
DA:63,1
DA:64,1
DA:66,0
DA:81,1
DA:82,1
DA:83,1
DA:84,1
DA:85,1
DA:86,1
DA:88,0
DA:103,1
DA:104,1
DA:105,1
DA:106,1
DA:107,1
DA:109,0
DA:124,0
DA:125,0
DA:128,0
DA:129,0
DA:135,0
DA:136,0
DA:138,0
LF:44
LH:33
BRF:0
BRH:0
end_of_record
TN:
SF:src/components/task/task.service.ts
FN:22,(anonymous_1)
FN:36,(anonymous_2)
FN:49,(anonymous_3)
FN:64,(anonymous_4)
FN:82,(anonymous_5)
FNF:5
FNH:4
FNDA:2,(anonymous_1)
FNDA:3,(anonymous_2)
FNDA:2,(anonymous_3)
FNDA:2,(anonymous_4)
FNDA:0,(anonymous_5)
DA:1,2
DA:2,2
DA:3,2
DA:10,2
DA:16,2
DA:23,2
DA:27,2
DA:28,2
DA:37,3
DA:38,2
DA:39,0
DA:40,2
DA:50,2
DA:51,2
DA:52,0
DA:56,2
DA:65,2
DA:66,2
DA:67,0
DA:71,2
DA:88,0
DA:89,0
DA:90,0
DA:92,0
DA:93,0
DA:98,0
DA:102,0
LF:27
LH:17
BRDA:38,0,0,0
BRDA:51,1,0,0
BRDA:66,2,0,0
BRDA:85,3,0,0
BRDA:86,4,0,0
BRDA:89,5,0,0
BRDA:92,6,0,0
BRF:7
BRH:0
end_of_record
TN:
SF:src/environments/environment.constant.ts
FN:1,(anonymous_0)
FN:8,(anonymous_1)
FNF:2
FNH:2
FNDA:1,(anonymous_0)
FNDA:1,(anonymous_1)
DA:1,1
DA:2,1
DA:3,1
DA:4,1
DA:5,1
DA:8,1
DA:9,1
DA:10,1
DA:11,1
DA:12,1
LF:10
LH:10
BRDA:1,0,0,1
BRDA:1,0,1,1
BRDA:8,1,0,1
BRDA:8,1,1,1
BRF:4
BRH:4
end_of_record
TN:
SF:src/environments/environment.ts
FN:25,(anonymous_6)
FN:40,(anonymous_7)
FN:48,(anonymous_8)
FN:62,(anonymous_9)
FN:70,(anonymous_10)
FN:78,(anonymous_11)
FN:86,(anonymous_12)
FNF:7
FNH:5
FNDA:1,(anonymous_6)
FNDA:8,(anonymous_7)
FNDA:1,(anonymous_8)
FNDA:4,(anonymous_9)
FNDA:0,(anonymous_10)
FNDA:4,(anonymous_11)
FNDA:0,(anonymous_12)
DA:1,1
DA:2,1
DA:3,1
DA:5,1
DA:26,1
DA:27,1
DA:28,1
DA:29,1
DA:30,1
DA:31,1
DA:32,1
DA:33,1
DA:41,8
DA:49,1
DA:50,1
DA:51,1
DA:52,1
DA:53,0
DA:55,1
DA:63,4
DA:71,0
DA:79,4
DA:87,0
DA:91,1
LF:24
LH:21
BRDA:26,0,0,1
BRDA:26,0,1,0
BRDA:26,0,2,0
BRDA:28,1,0,1
BRDA:28,1,1,0
BRDA:49,2,0,1
BRDA:49,2,1,0
BRDA:52,3,0,0
BRF:8
BRH:3
end_of_record
TN:
SF:src/helpers/index.ts
FN:4,(anonymous_0)
FN:14,(anonymous_1)
FNF:2
FNH:1
FNDA:0,(anonymous_0)
FNDA:3,(anonymous_1)
DA:4,1
DA:5,0
DA:7,0
DA:9,0
DA:10,0
DA:11,0
DA:14,3
LF:7
LH:2
BRDA:7,0,0,0
BRDA:7,0,1,0
BRDA:9,1,0,0
BRDA:9,1,1,0
BRDA:14,2,0,0
BRDA:14,2,1,3
BRDA:14,3,0,3
BRDA:14,3,1,3
BRF:8
BRH:3
end_of_record
TN:
SF:src/lib/crypto.ts
FN:23,(anonymous_6)
FN:71,(anonymous_7)
FNF:2
FNH:0
FNDA:0,(anonymous_6)
FNDA:0,(anonymous_7)
DA:1,1
DA:3,1
DA:5,1
DA:11,1
DA:15,1
DA:18,1
DA:21,1
DA:25,0
DA:26,0
DA:29,0
DA:32,0
DA:45,0
DA:52,0
DA:57,0
DA:60,0
DA:63,0
DA:68,0
DA:73,0
DA:74,0
DA:78,0
DA:81,0
DA:90,0
DA:96,0
DA:99,0
DA:102,0
DA:105,0
DA:111,0
DA:115,0
DA:118,0
LF:29
LH:7
BRF:0
BRH:0
end_of_record
TN:
SF:src/lib/logger.ts
FNF:0
FNH:0
DA:1,1
DA:3,1
DA:5,1
DA:7,1
DA:8,0
DA:11,1
DA:19,1
LF:7
LH:6
BRDA:7,0,0,0
BRF:1
BRH:0
end_of_record
TN:
SF:src/messages/index.ts
FNF:0
FNH:0
DA:1,2
DA:2,2
LF:2
LH:2
BRF:0
BRH:0
end_of_record
TN:
SF:src/messages/server.ts
FNF:0
FNH:0
DA:1,2
DA:2,2
LF:2
LH:2
BRF:0
BRH:0
end_of_record
TN:
SF:src/messages/task.ts
FNF:0
FNH:0
DA:1,2
DA:3,2
DA:5,2
DA:7,2
DA:8,2
LF:5
LH:5
BRF:0
BRH:0
end_of_record
TN:
SF:src/middleware/error-handler.ts
FN:9,(anonymous_7)
FNF:1
FNH:0
FNDA:0,(anonymous_7)
DA:1,1
DA:3,1
DA:5,1
DA:6,1
DA:9,1
DA:15,0
DA:16,0
DA:17,0
DA:18,0
DA:24,0
DA:33,0
DA:34,0
DA:36,0
DA:37,0
DA:41,0
DA:42,0
DA:44,0
DA:45,0
DA:48,0
DA:51,1
LF:20
LH:6
BRDA:15,0,0,0
BRDA:17,1,0,0
BRDA:17,1,1,0
BRDA:26,2,0,0
BRDA:26,2,1,0
BRDA:33,3,0,0
BRDA:33,4,0,0
BRDA:33,4,1,0
BRDA:33,5,0,0
BRDA:33,5,1,0
BRDA:36,6,0,0
BRDA:36,6,1,0
BRDA:36,7,0,0
BRDA:36,7,1,0
BRDA:36,8,0,0
BRDA:36,8,1,0
BRF:16
BRH:0
end_of_record
TN:
SF:src/model/task.model.ts
FNF:0
FNH:0
DA:1,2
DA:14,2
DA:29,2
LF:3
LH:3
BRF:0
BRH:0
end_of_record
